<?xml version="1.0" encoding="UTF-8"?>
<coverage generated="1718654933847" clover="3.2.0">
  <project timestamp="1718654933847" name="All files">
    <metrics statements="5" coveredstatements="5" conditionals="6" coveredconditionals="6" methods="1" coveredmethods="1" elements="12" coveredelements="12" complexity="0" loc="5" ncloc="5" packages="1" files="1" classes="1"/>
    <file name="getHealthStatus.js" path="D:\Учеба\Нетология\JS\7. Продвинутый JavaScript современные возможности языка\5 Тестирование и Continuous Integration\Домашнее задание\Unit_test\src\getHealthStatus.js">
      <metrics statements="5" coveredstatements="5" conditionals="6" coveredconditionals="6" methods="1" coveredmethods="1"/>
      <line num="2" count="3" type="cond" truecount="2" falsecount="0"/>
      <line num="3" count="1" type="stmt"/>
      <line num="4" count="2" type="cond" truecount="4" falsecount="0"/>
      <line num="5" count="1" type="stmt"/>
      <line num="7" count="1" type="stmt"/>
    </file>
  </project>
</coverage>
