{"D:\\Учеба\\Нетология\\JS\\7. Продвинутый JavaScript современные возможности языка\\5 Тестирование и Continuous Integration\\Домашнее задание\\Unit_test\\src\\getHealthStatus.js": {"path":"D:\\Учеба\\Нетология\\JS\\7. Продвинутый JavaScript современные возможности языка\\5 Тестирование и Continuous Integration\\Домашнее задание\\Unit_test\\src\\getHealthStatus.js","statementMap":{"0":{"start":{"line":2,"column":4},"end":{"line":8,"column":5}},"1":{"start":{"line":3,"column":6},"end":{"line":3,"column":23}},"2":{"start":{"line":4,"column":11},"end":{"line":8,"column":5}},"3":{"start":{"line":5,"column":6},"end":{"line":5,"column":23}},"4":{"start":{"line":7,"column":6},"end":{"line":7,"column":24}}},"fnMap":{"0":{"name":"getHealthStatus","decl":{"start":{"line":1,"column":24},"end":{"line":1,"column":39}},"loc":{"start":{"line":1,"column":51},"end":{"line":9,"column":3}},"line":1}},"branchMap":{"0":{"loc":{"start":{"line":2,"column":4},"end":{"line":8,"column":5}},"type":"if","locations":[{"start":{"line":2,"column":4},"end":{"line":8,"column":5}},{"start":{"line":4,"column":11},"end":{"line":8,"column":5}}],"line":2},"1":{"loc":{"start":{"line":4,"column":11},"end":{"line":8,"column":5}},"type":"if","locations":[{"start":{"line":4,"column":11},"end":{"line":8,"column":5}},{"start":{"line":6,"column":11},"end":{"line":8,"column":5}}],"line":4},"2":{"loc":{"start":{"line":4,"column":15},"end":{"line":4,"column":63}},"type":"binary-expr","locations":[{"start":{"line":4,"column":15},"end":{"line":4,"column":37}},{"start":{"line":4,"column":41},"end":{"line":4,"column":63}}],"line":4}},"s":{"0":3,"1":1,"2":2,"3":1,"4":1},"f":{"0":3},"b":{"0":[1,2],"1":[1,1],"2":[2,1]},"_coverageSchema":"1a1c01bbd47fc00a2c39e90264f33305004495a9","hash":"2b91cfdc7286942d341f0ff1d5783749629df40b"}
}
